Using pre-set license
Built from '2021.3/staging' branch; Version is '2021.3.15f1 (e8e88683f834) revision 15263878'; Using compiler version '192829333'; Build Type 'Release'
OS: 'Windows 10  (10.0.19044) 64bit Education' Language: 'sv' Physical Memory: 16064 MB
BatchMode: 1, IsHumanControllingUs: 0, StartBugReporterOnCrash: 0, Is64bit: 1, IsPro: 1

COMMAND LINE ARGUMENTS:
C:\Program Files\Unity\Hub\Editor\2021.3.15f1\Editor\Unity.exe
-adb2
-batchMode
-noUpm
-name
AssetImportWorker0
-projectPath
C:/Users/zion.hulterstedt/Documents/GitHub/EnBarnSaga/1.2EnBarnSaga
-logFile
Logs/AssetImportWorker0.log
-srvPort
58113
Successfully changed project path to: C:/Users/zion.hulterstedt/Documents/GitHub/EnBarnSaga/1.2EnBarnSaga
C:/Users/zion.hulterstedt/Documents/GitHub/EnBarnSaga/1.2EnBarnSaga
[UnityMemory] Configuration Parameters - Can be set up in boot.config
    "memorysetup-bucket-allocator-granularity=16"
    "memorysetup-bucket-allocator-bucket-count=8"
    "memorysetup-bucket-allocator-block-size=33554432"
    "memorysetup-bucket-allocator-block-count=8"
    "memorysetup-main-allocator-block-size=16777216"
    "memorysetup-thread-allocator-block-size=16777216"
    "memorysetup-gfx-main-allocator-block-size=16777216"
    "memorysetup-gfx-thread-allocator-block-size=16777216"
    "memorysetup-cache-allocator-block-size=4194304"
    "memorysetup-typetree-allocator-block-size=2097152"
    "memorysetup-profiler-bucket-allocator-granularity=16"
    "memorysetup-profiler-bucket-allocator-bucket-count=8"
    "memorysetup-profiler-bucket-allocator-block-size=33554432"
    "memorysetup-profiler-bucket-allocator-block-count=8"
    "memorysetup-profiler-allocator-block-size=16777216"
    "memorysetup-profiler-editor-allocator-block-size=1048576"
    "memorysetup-temp-allocator-size-main=16777216"
    "memorysetup-job-temp-allocator-block-size=2097152"
    "memorysetup-job-temp-allocator-block-size-background=1048576"
    "memorysetup-job-temp-allocator-reduction-small-platforms=262144"
    "memorysetup-temp-allocator-size-background-worker=32768"
    "memorysetup-temp-allocator-size-job-worker=262144"
    "memorysetup-temp-allocator-size-preload-manager=33554432"
    "memorysetup-temp-allocator-size-nav-mesh-worker=65536"
    "memorysetup-temp-allocator-size-audio-worker=65536"
    "memorysetup-temp-allocator-size-cloud-worker=32768"
    "memorysetup-temp-allocator-size-gi-baking-worker=262144"
    "memorysetup-temp-allocator-size-gfx=262144"
Player connection [7692] Host "[IP] 10.81.55.76 [Port] 0 [Flags] 2 [Guid] 2674217042 [EditorId] 2674217042 [Version] 1048832 [Id] WindowsEditor(7,5CD225N9HN) [Debug] 1 [PackageName] WindowsEditor [ProjectName] Editor" joined multi-casting on [225.0.0.222:54997]...

Player connection [7692] Host "[IP] 10.81.55.76 [Port] 0 [Flags] 2 [Guid] 2674217042 [EditorId] 2674217042 [Version] 1048832 [Id] WindowsEditor(7,5CD225N9HN) [Debug] 1 [PackageName] WindowsEditor [ProjectName] Editor" joined alternative multi-casting on [225.0.0.222:34997]...

Refreshing native plugins compatible for Editor in 191.44 ms, found 3 plugins.
Preloading 0 native plugins for Editor in 0.00 ms.
Initialize engine version: 2021.3.15f1 (e8e88683f834)
[Subsystems] Discovering subsystems at path C:/Program Files/Unity/Hub/Editor/2021.3.15f1/Editor/Data/Resources/UnitySubsystems
[Subsystems] Discovering subsystems at path C:/Users/zion.hulterstedt/Documents/GitHub/EnBarnSaga/1.2EnBarnSaga/Assets
GfxDevice: creating device client; threaded=0; jobified=0
Direct3D:
    Version:  Direct3D 11.0 [level 11.1]
    Renderer: NVIDIA GeForce MX450 (ID=0x1f97)
    Vendor:   NVIDIA
    VRAM:     1928 MB
    Driver:   31.0.15.1713
Initialize mono
Mono path[0] = 'C:/Program Files/Unity/Hub/Editor/2021.3.15f1/Editor/Data/Managed'
Mono path[1] = 'C:/Program Files/Unity/Hub/Editor/2021.3.15f1/Editor/Data/MonoBleedingEdge/lib/mono/unityjit-win32'
Mono config path = 'C:/Program Files/Unity/Hub/Editor/2021.3.15f1/Editor/Data/MonoBleedingEdge/etc'
Using monoOptions --debugger-agent=transport=dt_socket,embedding=1,server=y,suspend=n,address=127.0.0.1:56848
Begin MonoManager ReloadAssembly
Registering precompiled unity dll's ...
Register platform support module: C:/Program Files/Unity/Hub/Editor/2021.3.15f1/Editor/Data/PlaybackEngines/WindowsStandaloneSupport/UnityEditor.WindowsStandalone.Extensions.dll
Registered in 0.016694 seconds.
Native extension for WindowsStandalone target not found
Refreshing native plugins compatible for Editor in 192.61 ms, found 3 plugins.
Preloading 0 native plugins for Editor in 0.00 ms.
Mono: successfully reloaded assembly
- Completed reload, in  1.565 seconds
Domain Reload Profiling:
	ReloadAssembly (1566ms)
		BeginReloadAssembly (172ms)
			ExecutionOrderSort (0ms)
			DisableScriptedObjects (0ms)
			BackupInstance (0ms)
			ReleaseScriptingObjects (0ms)
			CreateAndSetChildDomain (2ms)
		EndReloadAssembly (1108ms)
			LoadAssemblies (166ms)
			RebuildTransferFunctionScriptingTraits (0ms)
			SetupTypeCache (251ms)
			ReleaseScriptCaches (0ms)
			RebuildScriptCaches (68ms)
			SetupLoadedEditorAssemblies (664ms)
				LogAssemblyErrors (0ms)
				InitializePlatformSupportModulesInManaged (15ms)
				SetLoadedEditorAssemblies (0ms)
				RefreshPlugins (193ms)
				BeforeProcessingInitializeOnLoad (3ms)
				ProcessInitializeOnLoadAttributes (343ms)
				ProcessInitializeOnLoadMethodAttributes (110ms)
				AfterProcessingInitializeOnLoad (0ms)
				EditorAssembliesLoaded (0ms)
			ExecutionOrderSort2 (0ms)
			AwakeInstancesAfterBackupRestoration (0ms)
Platform modules already initialized, skipping
Registering precompiled user dll's ...
Registered in 0.010744 seconds.
Begin MonoManager ReloadAssembly
Symbol file LoadedFromMemory doesn't match image C:\Users\zion.hulterstedt\Documents\GitHub\EnBarnSaga\1.2EnBarnSaga\Library\PackageCache\com.unity.visualscripting@1.7.8\Editor\VisualScripting.Core\Dependencies\YamlDotNet\Unity.VisualScripting.YamlDotNet.dll
Symbol file LoadedFromMemory doesn't match image C:\Users\zion.hulterstedt\Documents\GitHub\EnBarnSaga\1.2EnBarnSaga\Library\PackageCache\com.unity.visualscripting@1.7.8\Editor\VisualScripting.Core\Dependencies\DotNetZip\Unity.VisualScripting.IonicZip.dll
Native extension for WindowsStandalone target not found
Refreshing native plugins compatible for Editor in 0.78 ms, found 3 plugins.
Preloading 0 native plugins for Editor in 0.00 ms.
Mono: successfully reloaded assembly
- Completed reload, in  2.194 seconds
Domain Reload Profiling:
	ReloadAssembly (2196ms)
		BeginReloadAssembly (234ms)
			ExecutionOrderSort (0ms)
			DisableScriptedObjects (11ms)
			BackupInstance (0ms)
			ReleaseScriptingObjects (0ms)
			CreateAndSetChildDomain (46ms)
		EndReloadAssembly (1717ms)
			LoadAssemblies (177ms)
			RebuildTransferFunctionScriptingTraits (0ms)
			SetupTypeCache (601ms)
			ReleaseScriptCaches (1ms)
			RebuildScriptCaches (99ms)
			SetupLoadedEditorAssemblies (764ms)
				LogAssemblyErrors (0ms)
				InitializePlatformSupportModulesInManaged (10ms)
				SetLoadedEditorAssemblies (1ms)
				RefreshPlugins (1ms)
				BeforeProcessingInitializeOnLoad (178ms)
				ProcessInitializeOnLoadAttributes (509ms)
				ProcessInitializeOnLoadMethodAttributes (48ms)
				AfterProcessingInitializeOnLoad (17ms)
				EditorAssembliesLoaded (0ms)
			ExecutionOrderSort2 (0ms)
			AwakeInstancesAfterBackupRestoration (13ms)
Platform modules already initialized, skipping
========================================================================
Worker process is ready to serve import requests
Launched and connected shader compiler UnityShaderCompiler.exe after 0.08 seconds
Refreshing native plugins compatible for Editor in 2.46 ms, found 3 plugins.
Preloading 0 native plugins for Editor in 0.00 ms.
Unloading 3362 Unused Serialized files (Serialized files now loaded: 0)
Unloading 27 unused Assets / (113.9 KB). Loaded Objects now: 3819.
Memory consumption went from 115.7 MB to 115.6 MB.
Total: 7.754800 ms (FindLiveObjects: 0.539200 ms CreateObjectMapping: 0.166100 ms MarkObjects: 6.825000 ms  DeleteObjects: 0.221600 ms)

AssetImportParameters requested are different than current active one (requested -> active):
  custom:video-decoder-ogg-theora: a1e56fd34408186e4bbccfd4996cb3dc -> 
  custom:container-muxer-webm: aa71ff27fc2769a1b78a27578f13a17b -> 
  custom:container-demuxer-webm: 4f35f7cbe854078d1ac9338744f61a02 -> 
  custom:video-encoder-webm-vp8: eb34c28f22e8b96e1ab97ce403110664 -> 
  custom:audio-encoder-webm-vorbis: bf7c407c2cedff20999df2af8eb42d56 -> 
  custom:framework-win-MediaFoundation: 216162199b28c13a410421893ffa2e32 -> 
  custom:container-demuxer-ogg: 62fdf1f143b41e24485cea50d1cbac27 -> 
  custom:video-decoder-webm-vp8: 9c59270c3fd7afecdb556c50c9e8de78 -> 
  custom:audio-decoder-ogg-vorbis: bf7c407c2cedff20999df2af8eb42d56 -> 
========================================================================
Received Import Request.
  Time since last request: 94518.773925 seconds.
  path: Assets/barnbok.mtl.mtl.obj
  artifactKey: Guid(4c7efe475f4b9d444b00acd53a8b2ee8) Importer(815301076,1909f56bfc062723c751e8b465ee728b)
Start importing Assets/barnbok.mtl.mtl.obj using Guid(4c7efe475f4b9d444b00acd53a8b2ee8) Importer(815301076,1909f56bfc062723c751e8b465ee728b)  -> (artifact id: 'f2c082e88df7f82b493d3387ce9a4ae8') in 0.408090 seconds 
========================================================================
Received Import Request.
  Time since last request: 302.411319 seconds.
  path: Assets/New Material.mat
  artifactKey: Guid(5194285d3465f4541bbc9383c9af45cc) Importer(815301076,1909f56bfc062723c751e8b465ee728b)
Start importing Assets/New Material.mat using Guid(5194285d3465f4541bbc9383c9af45cc) Importer(815301076,1909f56bfc062723c751e8b465ee728b)  -> (artifact id: '5349310628c62c7956f82163cd474c2c') in 0.038420 seconds 
========================================================================
Received Import Request.
  Time since last request: 43.554396 seconds.
  path: Assets/grön.mat
  artifactKey: Guid(5194285d3465f4541bbc9383c9af45cc) Importer(815301076,1909f56bfc062723c751e8b465ee728b)
Start importing Assets/grön.mat using Guid(5194285d3465f4541bbc9383c9af45cc) Importer(815301076,1909f56bfc062723c751e8b465ee728b)  -> (artifact id: 'e4c3dcbb598818f839ed8acae42f9af4') in 0.012081 seconds 
========================================================================
Received Import Request.
  Time since last request: 94.310875 seconds.
  path: Assets/himmelblå.jpg
  artifactKey: Guid(7fa794caf7639e94fb051b2fd77089eb) Importer(815301076,1909f56bfc062723c751e8b465ee728b)
Start importing Assets/himmelblå.jpg using Guid(7fa794caf7639e94fb051b2fd77089eb) Importer(815301076,1909f56bfc062723c751e8b465ee728b)  -> (artifact id: '513a1012c2f17f8198891e9ea48742e9') in 0.056829 seconds 
========================================================================
Received Import Request.
  Time since last request: 78.484019 seconds.
  path: Assets/himmelblå.jpg
  artifactKey: Guid(7fa794caf7639e94fb051b2fd77089eb) Importer(815301076,1909f56bfc062723c751e8b465ee728b)
Start importing Assets/himmelblå.jpg using Guid(7fa794caf7639e94fb051b2fd77089eb) Importer(815301076,1909f56bfc062723c751e8b465ee728b)  -> (artifact id: '100e7554cbf7333bdc1707a9807f556c') in 0.017967 seconds 
========================================================================
Received Import Request.
  Time since last request: 62.420264 seconds.
  path: Assets/himmelblå.jpg
  artifactKey: Guid(7fa794caf7639e94fb051b2fd77089eb) Importer(815301076,1909f56bfc062723c751e8b465ee728b)
Start importing Assets/himmelblå.jpg using Guid(7fa794caf7639e94fb051b2fd77089eb) Importer(815301076,1909f56bfc062723c751e8b465ee728b)  -> (artifact id: '36ddc058d175a4a4e6a9a6a1f64e6242') in 0.019598 seconds 
========================================================================
Received Import Request.
  Time since last request: 23.894802 seconds.
  path: Assets/himmelblå.jpg
  artifactKey: Guid(7fa794caf7639e94fb051b2fd77089eb) Importer(815301076,1909f56bfc062723c751e8b465ee728b)
Start importing Assets/himmelblå.jpg using Guid(7fa794caf7639e94fb051b2fd77089eb) Importer(815301076,1909f56bfc062723c751e8b465ee728b)  -> (artifact id: '7701f40bd6826987fb60485ebde03ddc') in 0.025502 seconds 
========================================================================
Received Import Request.
  Time since last request: 16.169221 seconds.
  path: Assets/himmelblå.jpg
  artifactKey: Guid(7fa794caf7639e94fb051b2fd77089eb) Importer(815301076,1909f56bfc062723c751e8b465ee728b)
Start importing Assets/himmelblå.jpg using Guid(7fa794caf7639e94fb051b2fd77089eb) Importer(815301076,1909f56bfc062723c751e8b465ee728b)  -> (artifact id: 'd243cbecd8a917831c34b7e17b48777f') in 0.018380 seconds 
========================================================================
Received Import Request.
  Time since last request: 15.456250 seconds.
  path: Assets/himmelblå.jpg
  artifactKey: Guid(7fa794caf7639e94fb051b2fd77089eb) Importer(815301076,1909f56bfc062723c751e8b465ee728b)
Start importing Assets/himmelblå.jpg using Guid(7fa794caf7639e94fb051b2fd77089eb) Importer(815301076,1909f56bfc062723c751e8b465ee728b)  -> (artifact id: '5ff994f96616ae945f31a9bf5c497dff') in 0.020906 seconds 
========================================================================
Received Import Request.
  Time since last request: 10.440409 seconds.
  path: Assets/himmelblå.jpg
  artifactKey: Guid(7fa794caf7639e94fb051b2fd77089eb) Importer(815301076,1909f56bfc062723c751e8b465ee728b)
Start importing Assets/himmelblå.jpg using Guid(7fa794caf7639e94fb051b2fd77089eb) Importer(815301076,1909f56bfc062723c751e8b465ee728b)  -> (artifact id: 'dd8d981c995e0998dfaea57b829d34bb') in 0.022087 seconds 
========================================================================
Received Import Request.
  Time since last request: 4.607895 seconds.
  path: Assets/himmelblå.jpg
  artifactKey: Guid(7fa794caf7639e94fb051b2fd77089eb) Importer(815301076,1909f56bfc062723c751e8b465ee728b)
Start importing Assets/himmelblå.jpg using Guid(7fa794caf7639e94fb051b2fd77089eb) Importer(815301076,1909f56bfc062723c751e8b465ee728b)  -> (artifact id: '6cd8e3924204f3250c5a3cfb4f4ac760') in 0.018140 seconds 
========================================================================
Received Import Request.
  Time since last request: 11.909346 seconds.
  path: Assets/himmelblå.jpg
  artifactKey: Guid(7fa794caf7639e94fb051b2fd77089eb) Importer(815301076,1909f56bfc062723c751e8b465ee728b)
Start importing Assets/himmelblå.jpg using Guid(7fa794caf7639e94fb051b2fd77089eb) Importer(815301076,1909f56bfc062723c751e8b465ee728b)  -> (artifact id: '4bf54cd65f587ac195f63841bf0edad3') in 0.020878 seconds 
========================================================================
Received Prepare
Registering precompiled user dll's ...
Registered in 0.015940 seconds.
Begin MonoManager ReloadAssembly
Symbol file LoadedFromMemory doesn't match image C:\Users\zion.hulterstedt\Documents\GitHub\EnBarnSaga\1.2EnBarnSaga\Library\PackageCache\com.unity.visualscripting@1.7.8\Editor\VisualScripting.Core\Dependencies\YamlDotNet\Unity.VisualScripting.YamlDotNet.dll
Symbol file LoadedFromMemory doesn't match image C:\Users\zion.hulterstedt\Documents\GitHub\EnBarnSaga\1.2EnBarnSaga\Library\PackageCache\com.unity.visualscripting@1.7.8\Editor\VisualScripting.Core\Dependencies\DotNetZip\Unity.VisualScripting.IonicZip.dll
Native extension for WindowsStandalone target not found
Refreshing native plugins compatible for Editor in 0.64 ms, found 3 plugins.
Preloading 0 native plugins for Editor in 0.00 ms.
Mono: successfully reloaded assembly
- Completed reload, in  1.268 seconds
Domain Reload Profiling:
	ReloadAssembly (1268ms)
		BeginReloadAssembly (165ms)
			ExecutionOrderSort (0ms)
			DisableScriptedObjects (6ms)
			BackupInstance (0ms)
			ReleaseScriptingObjects (0ms)
			CreateAndSetChildDomain (45ms)
		EndReloadAssembly (975ms)
			LoadAssemblies (102ms)
			RebuildTransferFunctionScriptingTraits (0ms)
			SetupTypeCache (369ms)
			ReleaseScriptCaches (1ms)
			RebuildScriptCaches (51ms)
			SetupLoadedEditorAssemblies (403ms)
				LogAssemblyErrors (0ms)
				InitializePlatformSupportModulesInManaged (18ms)
				SetLoadedEditorAssemblies (1ms)
				RefreshPlugins (1ms)
				BeforeProcessingInitializeOnLoad (83ms)
				ProcessInitializeOnLoadAttributes (263ms)
				ProcessInitializeOnLoadMethodAttributes (28ms)
				AfterProcessingInitializeOnLoad (9ms)
				EditorAssembliesLoaded (0ms)
			ExecutionOrderSort2 (0ms)
			AwakeInstancesAfterBackupRestoration (9ms)
Platform modules already initialized, skipping
Refreshing native plugins compatible for Editor in 2.06 ms, found 3 plugins.
Preloading 0 native plugins for Editor in 0.00 ms.
Unloading 3357 Unused Serialized files (Serialized files now loaded: 0)
Unloading 20 unused Assets / (80.3 KB). Loaded Objects now: 3872.
Memory consumption went from 120.4 MB to 120.4 MB.
Total: 2.301800 ms (FindLiveObjects: 0.228700 ms CreateObjectMapping: 0.097300 ms MarkObjects: 1.892100 ms  DeleteObjects: 0.082700 ms)

AssetImportParameters requested are different than current active one (requested -> active):
  custom:video-decoder-ogg-theora: a1e56fd34408186e4bbccfd4996cb3dc -> 
  custom:container-muxer-webm: aa71ff27fc2769a1b78a27578f13a17b -> 
  custom:container-demuxer-webm: 4f35f7cbe854078d1ac9338744f61a02 -> 
  custom:video-encoder-webm-vp8: eb34c28f22e8b96e1ab97ce403110664 -> 
  custom:audio-encoder-webm-vorbis: bf7c407c2cedff20999df2af8eb42d56 -> 
  custom:framework-win-MediaFoundation: 216162199b28c13a410421893ffa2e32 -> 
  custom:container-demuxer-ogg: 62fdf1f143b41e24485cea50d1cbac27 -> 
  custom:video-decoder-webm-vp8: 9c59270c3fd7afecdb556c50c9e8de78 -> 
  custom:audio-decoder-ogg-vorbis: bf7c407c2cedff20999df2af8eb42d56 -> 
========================================================================
Received Prepare
Registering precompiled user dll's ...
Registered in 0.007544 seconds.
Begin MonoManager ReloadAssembly
Symbol file LoadedFromMemory doesn't match image C:\Users\zion.hulterstedt\Documents\GitHub\EnBarnSaga\1.2EnBarnSaga\Library\PackageCache\com.unity.visualscripting@1.7.8\Editor\VisualScripting.Core\Dependencies\YamlDotNet\Unity.VisualScripting.YamlDotNet.dll
Symbol file LoadedFromMemory doesn't match image C:\Users\zion.hulterstedt\Documents\GitHub\EnBarnSaga\1.2EnBarnSaga\Library\PackageCache\com.unity.visualscripting@1.7.8\Editor\VisualScripting.Core\Dependencies\DotNetZip\Unity.VisualScripting.IonicZip.dll
Native extension for WindowsStandalone target not found
Refreshing native plugins compatible for Editor in 0.68 ms, found 3 plugins.
Preloading 0 native plugins for Editor in 0.00 ms.
Mono: successfully reloaded assembly
- Completed reload, in  1.325 seconds
Domain Reload Profiling:
	ReloadAssembly (1326ms)
		BeginReloadAssembly (270ms)
			ExecutionOrderSort (0ms)
			DisableScriptedObjects (12ms)
			BackupInstance (0ms)
			ReleaseScriptingObjects (0ms)
			CreateAndSetChildDomain (71ms)
		EndReloadAssembly (923ms)
			LoadAssemblies (156ms)
			RebuildTransferFunctionScriptingTraits (0ms)
			SetupTypeCache (328ms)
			ReleaseScriptCaches (2ms)
			RebuildScriptCaches (52ms)
			SetupLoadedEditorAssemblies (387ms)
				LogAssemblyErrors (0ms)
				InitializePlatformSupportModulesInManaged (17ms)
				SetLoadedEditorAssemblies (0ms)
				RefreshPlugins (1ms)
				BeforeProcessingInitializeOnLoad (81ms)
				ProcessInitializeOnLoadAttributes (250ms)
				ProcessInitializeOnLoadMethodAttributes (30ms)
				AfterProcessingInitializeOnLoad (8ms)
				EditorAssembliesLoaded (0ms)
			ExecutionOrderSort2 (0ms)
			AwakeInstancesAfterBackupRestoration (6ms)
Platform modules already initialized, skipping
Refreshing native plugins compatible for Editor in 2.94 ms, found 3 plugins.
Preloading 0 native plugins for Editor in 0.00 ms.
Unloading 3357 Unused Serialized files (Serialized files now loaded: 0)
Unloading 20 unused Assets / (80.2 KB). Loaded Objects now: 3875.
Memory consumption went from 120.5 MB to 120.4 MB.
Total: 3.103900 ms (FindLiveObjects: 0.224500 ms CreateObjectMapping: 0.087100 ms MarkObjects: 2.667200 ms  DeleteObjects: 0.123300 ms)

AssetImportParameters requested are different than current active one (requested -> active):
  custom:video-decoder-ogg-theora: a1e56fd34408186e4bbccfd4996cb3dc -> 
  custom:container-muxer-webm: aa71ff27fc2769a1b78a27578f13a17b -> 
  custom:container-demuxer-webm: 4f35f7cbe854078d1ac9338744f61a02 -> 
  custom:video-encoder-webm-vp8: eb34c28f22e8b96e1ab97ce403110664 -> 
  custom:audio-encoder-webm-vorbis: bf7c407c2cedff20999df2af8eb42d56 -> 
  custom:framework-win-MediaFoundation: 216162199b28c13a410421893ffa2e32 -> 
  custom:container-demuxer-ogg: 62fdf1f143b41e24485cea50d1cbac27 -> 
  custom:video-decoder-webm-vp8: 9c59270c3fd7afecdb556c50c9e8de78 -> 
  custom:audio-decoder-ogg-vorbis: bf7c407c2cedff20999df2af8eb42d56 -> 
========================================================================
Received Prepare
Registering precompiled user dll's ...
Registered in 0.005445 seconds.
Begin MonoManager ReloadAssembly
Symbol file LoadedFromMemory doesn't match image C:\Users\zion.hulterstedt\Documents\GitHub\EnBarnSaga\1.2EnBarnSaga\Library\PackageCache\com.unity.visualscripting@1.7.8\Editor\VisualScripting.Core\Dependencies\YamlDotNet\Unity.VisualScripting.YamlDotNet.dll
Symbol file LoadedFromMemory doesn't match image C:\Users\zion.hulterstedt\Documents\GitHub\EnBarnSaga\1.2EnBarnSaga\Library\PackageCache\com.unity.visualscripting@1.7.8\Editor\VisualScripting.Core\Dependencies\DotNetZip\Unity.VisualScripting.IonicZip.dll
Native extension for WindowsStandalone target not found
Refreshing native plugins compatible for Editor in 0.84 ms, found 3 plugins.
Preloading 0 native plugins for Editor in 0.00 ms.
Mono: successfully reloaded assembly
- Completed reload, in  1.267 seconds
Domain Reload Profiling:
	ReloadAssembly (1268ms)
		BeginReloadAssembly (218ms)
			ExecutionOrderSort (0ms)
			DisableScriptedObjects (14ms)
			BackupInstance (0ms)
			ReleaseScriptingObjects (0ms)
			CreateAndSetChildDomain (52ms)
		EndReloadAssembly (922ms)
			LoadAssemblies (120ms)
			RebuildTransferFunctionScriptingTraits (0ms)
			SetupTypeCache (326ms)
			ReleaseScriptCaches (1ms)
			RebuildScriptCaches (49ms)
			SetupLoadedEditorAssemblies (403ms)
				LogAssemblyErrors (0ms)
				InitializePlatformSupportModulesInManaged (16ms)
				SetLoadedEditorAssemblies (1ms)
				RefreshPlugins (1ms)
				BeforeProcessingInitializeOnLoad (82ms)
				ProcessInitializeOnLoadAttributes (259ms)
				ProcessInitializeOnLoadMethodAttributes (34ms)
				AfterProcessingInitializeOnLoad (9ms)
				EditorAssembliesLoaded (0ms)
			ExecutionOrderSort2 (0ms)
			AwakeInstancesAfterBackupRestoration (7ms)
Platform modules already initialized, skipping
Refreshing native plugins compatible for Editor in 2.40 ms, found 3 plugins.
Preloading 0 native plugins for Editor in 0.00 ms.
Unloading 3357 Unused Serialized files (Serialized files now loaded: 0)
Unloading 20 unused Assets / (80.3 KB). Loaded Objects now: 3878.
Memory consumption went from 120.5 MB to 120.4 MB.
Total: 2.521300 ms (FindLiveObjects: 0.207100 ms CreateObjectMapping: 0.086900 ms MarkObjects: 2.130900 ms  DeleteObjects: 0.095200 ms)

AssetImportParameters requested are different than current active one (requested -> active):
  custom:video-decoder-ogg-theora: a1e56fd34408186e4bbccfd4996cb3dc -> 
  custom:container-muxer-webm: aa71ff27fc2769a1b78a27578f13a17b -> 
  custom:container-demuxer-webm: 4f35f7cbe854078d1ac9338744f61a02 -> 
  custom:video-encoder-webm-vp8: eb34c28f22e8b96e1ab97ce403110664 -> 
  custom:audio-encoder-webm-vorbis: bf7c407c2cedff20999df2af8eb42d56 -> 
  custom:framework-win-MediaFoundation: 216162199b28c13a410421893ffa2e32 -> 
  custom:container-demuxer-ogg: 62fdf1f143b41e24485cea50d1cbac27 -> 
  custom:video-decoder-webm-vp8: 9c59270c3fd7afecdb556c50c9e8de78 -> 
  custom:audio-decoder-ogg-vorbis: bf7c407c2cedff20999df2af8eb42d56 -> 
